TN:
SF:src\__tests__\helpers\testHelpers.ts
FN:42,createTestUser
FN:51,generateAuthToken
FN:61,clearUsers
FN:69,getAuthHeader
FNF:4
FNH:0
FNDA:0,createTestUser
FNDA:0,generateAuthToken
FNDA:0,clearUsers
FNDA:0,getAuthHeader
DA:1,0
DA:2,0
DA:3,0
DA:4,0
DA:7,0
DA:42,0
DA:43,0
DA:44,0
DA:51,0
DA:52,0
DA:61,0
DA:62,0
DA:63,0
DA:64,0
DA:69,0
DA:70,0
LF:16
LH:0
BRF:0
BRH:0
end_of_record
TN:
SF:src\middleware\auth.ts
FN:9,authenticate
FNF:1
FNH:0
FNDA:0,authenticate
DA:2,0
DA:9,0
DA:10,0
DA:11,0
DA:13,0
DA:14,0
DA:18,0
DA:21,0
DA:23,0
DA:24,0
DA:25,0
DA:26,0
DA:28,0
DA:32,0
DA:35,0
DA:39,0
LF:16
LH:0
BRDA:13,0,0,0
BRDA:13,1,0,0
BRDA:13,1,1,0
BRF:3
BRH:0
end_of_record
TN:
SF:src\middleware\rbac.ts
FN:6,requireRole
FN:7,(anonymous_1)
FN:34,canAccessResource
FNF:3
FNH:3
FNDA:7,requireRole
FNDA:12,(anonymous_1)
FNDA:4,canAccessResource
DA:2,1
DA:6,1
DA:7,7
DA:8,12
DA:9,1
DA:13,1
DA:16,11
DA:17,3
DA:21,3
DA:24,8
DA:29,1
DA:30,1
DA:31,1
DA:34,1
DA:35,4
DA:36,0
DA:40,0
DA:44,4
DA:45,2
DA:46,2
DA:50,2
DA:51,2
DA:52,1
DA:53,1
DA:56,1
LF:25
LH:23
BRDA:8,0,0,1
BRDA:16,1,0,3
BRDA:35,2,0,0
BRDA:44,3,0,2
BRDA:44,4,0,4
BRDA:44,4,1,3
BRDA:50,5,0,2
BRDA:50,5,1,0
BRDA:51,6,0,1
BRDA:51,7,0,2
BRDA:51,7,1,2
BRF:11
BRH:9
end_of_record
TN:
SF:src\models\User.ts
FN:7,(anonymous_0)
FN:18,(anonymous_1)
FN:19,(anonymous_2)
FN:22,(anonymous_3)
FN:23,(anonymous_4)
FN:26,(anonymous_5)
FN:27,(anonymous_6)
FN:30,(anonymous_7)
FN:34,(anonymous_8)
FN:35,(anonymous_9)
FN:38,(anonymous_10)
FN:39,(anonymous_11)
FN:42,(anonymous_12)
FN:43,(anonymous_13)
FN:54,(anonymous_14)
FN:55,(anonymous_15)
FNF:16
FNH:0
FNDA:0,(anonymous_0)
FNDA:0,(anonymous_1)
FNDA:0,(anonymous_2)
FNDA:0,(anonymous_3)
FNDA:0,(anonymous_4)
FNDA:0,(anonymous_5)
FNDA:0,(anonymous_6)
FNDA:0,(anonymous_7)
FNDA:0,(anonymous_8)
FNDA:0,(anonymous_9)
FNDA:0,(anonymous_10)
FNDA:0,(anonymous_11)
FNDA:0,(anonymous_12)
FNDA:0,(anonymous_13)
FNDA:0,(anonymous_14)
FNDA:0,(anonymous_15)
DA:4,0
DA:5,0
DA:8,0
DA:14,0
DA:15,0
DA:19,0
DA:23,0
DA:27,0
DA:31,0
DA:35,0
DA:39,0
DA:43,0
DA:44,0
DA:46,0
DA:51,0
DA:55,0
DA:56,0
DA:57,0
DA:58,0
LF:19
LH:0
BRDA:19,0,0,0
BRDA:19,0,1,0
BRDA:23,1,0,0
BRDA:23,1,1,0
BRDA:27,2,0,0
BRDA:27,2,1,0
BRDA:44,3,0,0
BRDA:56,4,0,0
BRF:8
BRH:0
end_of_record
